app/build/intermediates/manifest_merge_blame_file/debug/processDebugMainManifest/manifest-merger-blame-debug-report.txt
1<?xml version="1.0" encoding="utf-8"?>
2<manifest xmlns:android="http://schemas.android.com/apk/res/android"
3    package="com.example.miniimageeditor"
4    android:versionCode="1"
5    android:versionName="1.0.0" >
6
7    <uses-sdk
8        android:minSdkVersion="24"
9        android:targetSdkVersion="36" />
10
11    <uses-feature
11-->src\main\AndroidManifest.xml:4:5-89
12        android:name="android.hardware.camera.any"
12-->src\main\AndroidManifest.xml:4:19-61
13        android:required="false" />
13-->src\main\AndroidManifest.xml:4:62-86
14
15    <uses-permission android:name="android.permission.CAMERA" />
15-->src\main\AndroidManifest.xml:5:5-65
15-->src\main\AndroidManifest.xml:5:22-62
16    <uses-permission android:name="android.permission.READ_MEDIA_IMAGES" />
16-->src\main\AndroidManifest.xml:6:5-76
16-->src\main\AndroidManifest.xml:6:22-73
17    <uses-permission android:name="android.permission.READ_MEDIA_VIDEO" />
17-->src\main\AndroidManifest.xml:7:5-75
17-->src\main\AndroidManifest.xml:7:22-72
18    <uses-permission
18-->src\main\AndroidManifest.xml:8:5-107
19        android:name="android.permission.READ_EXTERNAL_STORAGE"
19-->src\main\AndroidManifest.xml:8:22-77
20        android:maxSdkVersion="32" />
20-->src\main\AndroidManifest.xml:8:78-104
21    <uses-permission android:name="android.permission.ACCESS_NETWORK_STATE" />
21-->[androidx.media3:media3-exoplayer:1.4.1] AndroidManifest.xml:22:5-79
21-->[androidx.media3:media3-exoplayer:1.4.1] AndroidManifest.xml:22:22-76
22
23    <permission
23-->[androidx.core:core:1.13.1] AndroidManifest.xml:22:5-24:47
24        android:name="com.example.miniimageeditor.DYNAMIC_RECEIVER_NOT_EXPORTED_PERMISSION"
24-->[androidx.core:core:1.13.1] AndroidManifest.xml:23:9-81
25        android:protectionLevel="signature" />
25-->[androidx.core:core:1.13.1] AndroidManifest.xml:24:9-44
26
27    <uses-permission android:name="com.example.miniimageeditor.DYNAMIC_RECEIVER_NOT_EXPORTED_PERMISSION" />
27-->[androidx.core:core:1.13.1] AndroidManifest.xml:26:5-97
27-->[androidx.core:core:1.13.1] AndroidManifest.xml:26:22-94
28
29    <application
29-->src\main\AndroidManifest.xml:10:5-57:19
30        android:allowBackup="true"
30-->src\main\AndroidManifest.xml:11:9-35
31        android:appComponentFactory="androidx.core.app.CoreComponentFactory"
31-->[androidx.core:core:1.13.1] AndroidManifest.xml:28:18-86
32        android:debuggable="true"
33        android:extractNativeLibs="false"
34        android:icon="@mipmap/ic_launcher"
34-->src\main\AndroidManifest.xml:13:9-43
35        android:label="@string/app_name"
35-->src\main\AndroidManifest.xml:12:9-41
36        android:localeConfig="@xml/locales_config"
36-->src\main\AndroidManifest.xml:17:9-51
37        android:roundIcon="@mipmap/ic_launcher_round"
37-->src\main\AndroidManifest.xml:14:9-54
38        android:supportsRtl="true"
38-->src\main\AndroidManifest.xml:15:9-35
39        android:testOnly="true"
40        android:theme="@style/Theme.MiniImageEditor" >
40-->src\main\AndroidManifest.xml:16:9-53
41        <activity
41-->src\main\AndroidManifest.xml:19:9-21:52
42            android:name="com.example.miniimageeditor.EditorActivity"
42-->src\main\AndroidManifest.xml:19:19-76
43            android:exported="false"
43-->src\main\AndroidManifest.xml:20:13-37
44            android:screenOrientation="portrait" />
44-->src\main\AndroidManifest.xml:21:13-49
45        <activity
45-->src\main\AndroidManifest.xml:23:9-25:52
46            android:name="com.example.miniimageeditor.CameraActivity"
46-->src\main\AndroidManifest.xml:23:19-76
47            android:exported="false"
47-->src\main\AndroidManifest.xml:24:13-37
48            android:screenOrientation="portrait" />
48-->src\main\AndroidManifest.xml:25:13-49
49        <activity
49-->src\main\AndroidManifest.xml:27:9-29:52
50            android:name="com.example.miniimageeditor.VideoPlayerActivity"
50-->src\main\AndroidManifest.xml:27:19-81
51            android:exported="false"
51-->src\main\AndroidManifest.xml:28:13-37
52            android:screenOrientation="portrait" />
52-->src\main\AndroidManifest.xml:29:13-49
53        <activity
53-->src\main\AndroidManifest.xml:31:9-33:52
54            android:name="com.example.miniimageeditor.AlbumActivity"
54-->src\main\AndroidManifest.xml:31:19-75
55            android:exported="false"
55-->src\main\AndroidManifest.xml:32:13-37
56            android:screenOrientation="portrait" />
56-->src\main\AndroidManifest.xml:33:13-49
57        <activity
57-->src\main\AndroidManifest.xml:35:9-43:20
58            android:name="com.example.miniimageeditor.SplashActivity"
58-->src\main\AndroidManifest.xml:35:19-76
59            android:exported="true"
59-->src\main\AndroidManifest.xml:36:13-36
60            android:screenOrientation="portrait"
60-->src\main\AndroidManifest.xml:37:13-49
61            android:theme="@style/Theme.Splash" >
61-->src\main\AndroidManifest.xml:38:13-48
62            <intent-filter>
62-->src\main\AndroidManifest.xml:39:13-42:29
63                <action android:name="android.intent.action.MAIN" />
63-->src\main\AndroidManifest.xml:40:17-69
63-->src\main\AndroidManifest.xml:40:25-66
64
65                <category android:name="android.intent.category.LAUNCHER" />
65-->src\main\AndroidManifest.xml:41:17-77
65-->src\main\AndroidManifest.xml:41:27-74
66            </intent-filter>
67        </activity>
68        <activity
68-->src\main\AndroidManifest.xml:44:9-46:52
69            android:name="com.example.miniimageeditor.MainActivity"
69-->src\main\AndroidManifest.xml:44:19-74
70            android:exported="false"
70-->src\main\AndroidManifest.xml:45:13-37
71            android:screenOrientation="portrait" />
71-->src\main\AndroidManifest.xml:46:13-49
72
73        <provider
74            android:name="androidx.core.content.FileProvider"
74-->src\main\AndroidManifest.xml:49:13-62
75            android:authorities="com.example.miniimageeditor.fileprovider"
75-->src\main\AndroidManifest.xml:50:13-64
76            android:exported="false"
76-->src\main\AndroidManifest.xml:51:13-37
77            android:grantUriPermissions="true" >
77-->src\main\AndroidManifest.xml:52:13-47
78            <meta-data
78-->src\main\AndroidManifest.xml:53:13-55:54
79                android:name="android.support.FILE_PROVIDER_PATHS"
79-->src\main\AndroidManifest.xml:54:17-67
80                android:resource="@xml/file_paths" />
80-->src\main\AndroidManifest.xml:55:17-51
81        </provider>
82
83        <service
83-->[androidx.camera:camera-camera2:1.3.4] AndroidManifest.xml:24:9-33:19
84            android:name="androidx.camera.core.impl.MetadataHolderService"
84-->[androidx.camera:camera-camera2:1.3.4] AndroidManifest.xml:25:13-75
85            android:enabled="false"
85-->[androidx.camera:camera-camera2:1.3.4] AndroidManifest.xml:26:13-36
86            android:exported="false" >
86-->[androidx.camera:camera-camera2:1.3.4] AndroidManifest.xml:27:13-37
87            <meta-data
87-->[androidx.camera:camera-camera2:1.3.4] AndroidManifest.xml:30:13-32:89
88                android:name="androidx.camera.core.impl.MetadataHolderService.DEFAULT_CONFIG_PROVIDER"
88-->[androidx.camera:camera-camera2:1.3.4] AndroidManifest.xml:31:17-103
89                android:value="androidx.camera.camera2.Camera2Config$DefaultProvider" />
89-->[androidx.camera:camera-camera2:1.3.4] AndroidManifest.xml:32:17-86
90        </service>
91
92        <provider
92-->[androidx.emoji2:emoji2:1.3.0] AndroidManifest.xml:24:9-32:20
93            android:name="androidx.startup.InitializationProvider"
93-->[androidx.emoji2:emoji2:1.3.0] AndroidManifest.xml:25:13-67
94            android:authorities="com.example.miniimageeditor.androidx-startup"
94-->[androidx.emoji2:emoji2:1.3.0] AndroidManifest.xml:26:13-68
95            android:exported="false" >
95-->[androidx.emoji2:emoji2:1.3.0] AndroidManifest.xml:27:13-37
96            <meta-data
96-->[androidx.emoji2:emoji2:1.3.0] AndroidManifest.xml:29:13-31:52
97                android:name="androidx.emoji2.text.EmojiCompatInitializer"
97-->[androidx.emoji2:emoji2:1.3.0] AndroidManifest.xml:30:17-75
98                android:value="androidx.startup" />
98-->[androidx.emoji2:emoji2:1.3.0] AndroidManifest.xml:31:17-49
99            <meta-data
99-->[androidx.lifecycle:lifecycle-process:2.8.4] AndroidManifest.xml:29:13-31:52
100                android:name="androidx.lifecycle.ProcessLifecycleInitializer"
100-->[androidx.lifecycle:lifecycle-process:2.8.4] AndroidManifest.xml:30:17-78
101                android:value="androidx.startup" />
101-->[androidx.lifecycle:lifecycle-process:2.8.4] AndroidManifest.xml:31:17-49
102            <meta-data
102-->[androidx.profileinstaller:profileinstaller:1.3.1] AndroidManifest.xml:29:13-31:52
103                android:name="androidx.profileinstaller.ProfileInstallerInitializer"
103-->[androidx.profileinstaller:profileinstaller:1.3.1] AndroidManifest.xml:30:17-85
104                android:value="androidx.startup" />
104-->[androidx.profileinstaller:profileinstaller:1.3.1] AndroidManifest.xml:31:17-49
105        </provider>
106
107        <service
107-->[androidx.room:room-runtime:2.6.1] AndroidManifest.xml:24:9-28:63
108            android:name="androidx.room.MultiInstanceInvalidationService"
108-->[androidx.room:room-runtime:2.6.1] AndroidManifest.xml:25:13-74
109            android:directBootAware="true"
109-->[androidx.room:room-runtime:2.6.1] AndroidManifest.xml:26:13-43
110            android:exported="false" />
110-->[androidx.room:room-runtime:2.6.1] AndroidManifest.xml:27:13-37
111
112        <receiver
112-->[androidx.profileinstaller:profileinstaller:1.3.1] AndroidManifest.xml:34:9-52:20
113            android:name="androidx.profileinstaller.ProfileInstallReceiver"
113-->[androidx.profileinstaller:profileinstaller:1.3.1] AndroidManifest.xml:35:13-76
114            android:directBootAware="false"
114-->[androidx.profileinstaller:profileinstaller:1.3.1] AndroidManifest.xml:36:13-44
115            android:enabled="true"
115-->[androidx.profileinstaller:profileinstaller:1.3.1] AndroidManifest.xml:37:13-35
116            android:exported="true"
116-->[androidx.profileinstaller:profileinstaller:1.3.1] AndroidManifest.xml:38:13-36
117            android:permission="android.permission.DUMP" >
117-->[androidx.profileinstaller:profileinstaller:1.3.1] AndroidManifest.xml:39:13-57
118            <intent-filter>
118-->[androidx.profileinstaller:profileinstaller:1.3.1] AndroidManifest.xml:40:13-42:29
119                <action android:name="androidx.profileinstaller.action.INSTALL_PROFILE" />
119-->[androidx.profileinstaller:profileinstaller:1.3.1] AndroidManifest.xml:41:17-91
119-->[androidx.profileinstaller:profileinstaller:1.3.1] AndroidManifest.xml:41:25-88
120            </intent-filter>
121            <intent-filter>
121-->[androidx.profileinstaller:profileinstaller:1.3.1] AndroidManifest.xml:43:13-45:29
122                <action android:name="androidx.profileinstaller.action.SKIP_FILE" />
122-->[androidx.profileinstaller:profileinstaller:1.3.1] AndroidManifest.xml:44:17-85
122-->[androidx.profileinstaller:profileinstaller:1.3.1] AndroidManifest.xml:44:25-82
123            </intent-filter>
124            <intent-filter>
124-->[androidx.profileinstaller:profileinstaller:1.3.1] AndroidManifest.xml:46:13-48:29
125                <action android:name="androidx.profileinstaller.action.SAVE_PROFILE" />
125-->[androidx.profileinstaller:profileinstaller:1.3.1] AndroidManifest.xml:47:17-88
125-->[androidx.profileinstaller:profileinstaller:1.3.1] AndroidManifest.xml:47:25-85
126            </intent-filter>
127            <intent-filter>
127-->[androidx.profileinstaller:profileinstaller:1.3.1] AndroidManifest.xml:49:13-51:29
128                <action android:name="androidx.profileinstaller.action.BENCHMARK_OPERATION" />
128-->[androidx.profileinstaller:profileinstaller:1.3.1] AndroidManifest.xml:50:17-95
128-->[androidx.profileinstaller:profileinstaller:1.3.1] AndroidManifest.xml:50:25-92
129            </intent-filter>
130        </receiver>
131    </application>
132
133</manifest>